<?xml version="1.0" encoding="UTF-8"?>
<!-- Generated by org.testng.reporters.JUnitXMLReporter -->
<testsuite hostname="Family-PC" name="suie 1 homePage" tests="2" failures="0" timestamp="26 Nov 2015 18:56:17 GMT" time="0.019" errors="0">
  <testcase name="checkForLinks" time="0.004" classname="com.cyclos.suite1.Home_Page">
    <skipped/>
  </testcase> <!-- checkForLinks -->
  <testcase name="checkResponce" time="0.001" classname="com.cyclos.suite1.Home_Page">
    <skipped/>
  </testcase> <!-- checkResponce -->
</testsuite> <!-- suie 1 homePage -->
