<?xml version="1.0" encoding="UTF-8"?>
<!-- Generated by org.testng.reporters.JUnitXMLReporter -->
<testsuite hostname="Family-PC" name="suie 1 pay user com.cyclos.tests" tests="4" failures="0" timestamp="26 Nov 2015 18:56:17 GMT" time="0.059" errors="0">
  <testcase name="@BeforeMethod payUSerTest" time="0.0" classname="com.cyclos.suite1.PayUser_Page">
    <skipped/>
  </testcase> <!-- @BeforeMethod payUSerTest -->
  <testcase name="@AfterMethod payUSerAfterMetnod" time="0.0" classname="com.cyclos.suite1.PayUser_Page">
    <skipped/>
  </testcase> <!-- @AfterMethod payUSerAfterMetnod -->
  <testcase name="@BeforeMethod payUSerTest" time="0.0" classname="com.cyclos.suite1.PayUser_Page">
    <skipped/>
  </testcase> <!-- @BeforeMethod payUSerTest -->
  <testcase name="@AfterMethod payUSerAfterMetnod" time="0.0" classname="com.cyclos.suite1.PayUser_Page">
    <skipped/>
  </testcase> <!-- @AfterMethod payUSerAfterMetnod -->
  <testcase name="@BeforeMethod payUSerTest" time="0.0" classname="com.cyclos.suite1.PayUser_Page">
    <skipped/>
  </testcase> <!-- @BeforeMethod payUSerTest -->
  <testcase name="@AfterMethod payUSerAfterMetnod" time="0.0" classname="com.cyclos.suite1.PayUser_Page">
    <skipped/>
  </testcase> <!-- @AfterMethod payUSerAfterMetnod -->
  <testcase name="@BeforeMethod payUSerTest" time="0.0" classname="com.cyclos.suite1.PayUser_Page">
    <skipped/>
  </testcase> <!-- @BeforeMethod payUSerTest -->
  <testcase name="@AfterMethod payUSerAfterMetnod" time="0.0" classname="com.cyclos.suite1.PayUser_Page">
    <skipped/>
  </testcase> <!-- @AfterMethod payUSerAfterMetnod -->
  <testcase name="checkRadioButtons" time="0.002" classname="com.cyclos.suite1.PayUser_Page">
    <skipped/>
  </testcase> <!-- checkRadioButtons -->
  <testcase name="docontactPayment" time="0.0" classname="com.cyclos.suite1.PayUser_Page">
    <skipped/>
  </testcase> <!-- docontactPayment -->
  <testcase name="dropdownTest" time="0.001" classname="com.cyclos.suite1.PayUser_Page">
    <skipped/>
  </testcase> <!-- dropdownTest -->
  <testcase name="paymentsTest" time="0.003" classname="com.cyclos.suite1.PayUser_Page">
    <skipped/>
  </testcase> <!-- paymentsTest -->
</testsuite> <!-- suie 1 pay user com.cyclos.tests -->
