<?xml version="1.0" encoding="UTF-8"?>
<!-- Generated by org.testng.reporters.JUnitXMLReporter -->
<testsuite hostname="Family-PC" name="suie 1 data driven com.cyclos.tests" tests="2" failures="0" timestamp="26 Nov 2015 18:56:17 GMT" time="0.087" errors="0">
  <testcase name="@BeforeTest L1" time="0.0" classname="com.cyclos.suite1.DataDrivenTests">
    <skipped/>
  </testcase> <!-- @BeforeTest L1 -->
  <testcase name="@AfterTest log_out" time="0.0" classname="com.cyclos.suite1.DataDrivenTests">
    <skipped/>
  </testcase> <!-- @AfterTest log_out -->
  <testcase name="anotherTest" time="0.004" classname="com.cyclos.suite1.DataDrivenTests">
    <skipped/>
  </testcase> <!-- anotherTest -->
  <testcase name="payment_to_contact" time="0.007" classname="com.cyclos.suite1.DataDrivenTests">
    <skipped/>
  </testcase> <!-- payment_to_contact -->
</testsuite> <!-- suie 1 data driven com.cyclos.tests -->
