<?xml version="1.0" encoding="UTF-8"?>
<!-- Generated by org.testng.reporters.JUnitXMLReporter -->
<testsuite hostname="Family-PC" name="suie 2 data driven com.cyclos.tests" tests="3" failures="0" timestamp="26 Nov 2015 18:56:17 GMT" time="0.252" errors="0">
  <testcase name="@BeforeTest init" time="0.0" classname="com.cyclos.suite2.SearchUserDataDrivenTest">
    <skipped/>
  </testcase> <!-- @BeforeTest init -->
  <testcase name="searchUser1" time="0.004" classname="com.cyclos.suite2.SearchUserDataDrivenTest">
    <skipped/>
  </testcase> <!-- searchUser1 -->
  <testcase name="searchUser1" time="0.001" classname="com.cyclos.suite2.SearchUserDataDrivenTest">
    <skipped/>
  </testcase> <!-- searchUser1 -->
  <testcase name="searchUser1" time="0.001" classname="com.cyclos.suite2.SearchUserDataDrivenTest">
    <skipped/>
  </testcase> <!-- searchUser1 -->
</testsuite> <!-- suie 2 data driven com.cyclos.tests -->
